<?xml version="1.0" encoding="UTF-8"?>
<!-- Generated by org.testng.reporters.JUnitReportReporter -->
<testsuite hostname="Roshan" failures="0" tests="1" name="pack.Insert" time="0.006" errors="0" timestamp="2023-06-12T15:45:06 IST" skipped="0">
  <testcase classname="pack.Insert" name="sampleTest1" time="0.006"/>
  <system-out/>
</testsuite> <!-- pack.Insert -->
